<?xml version="1.0" encoding="UTF-8"?>
<!-- Generated by org.testng.reporters.JUnitXMLReporter -->
<testsuite hostname="Mriduls-MacBook-Pro.local" ignored="0" name="Firefox Test" tests="8" failures="8" timestamp="25 Oct 2022 01:21:25 GMT" time="0.093" errors="0">
  <testcase name="runScenario" time="0.009" classname="io.cucumber.testng.AbstractTestNGCucumberTests">
    <failure type="java.lang.NullPointerException">
      <![CDATA[java.lang.NullPointerException
at org.openqa.selenium.support.pagefactory.DefaultElementLocator.findElement(DefaultElementLocator.java:69)
at org.openqa.selenium.support.pagefactory.internal.LocatingElementHandler.invoke(LocatingElementHandler.java:38)
at com.sun.proxy.$Proxy22.click(Unknown Source)
at com.smarttechqa.Stepdef.LoginStepDefinition.user_clicks_on_the_sign_in_button(LoginStepDefinition.java:35)
at ✽.User Clicks on the sign in button(file:///Users/mridulmac2019/git/repository/Techshop_Project/Features/Login.feature:12)
]]>
    </failure>
  </testcase> <!-- runScenario -->
  <testcase name="runScenario" time="0.006" classname="io.cucumber.testng.AbstractTestNGCucumberTests">
    <failure type="java.lang.NullPointerException">
      <![CDATA[java.lang.NullPointerException
at org.openqa.selenium.support.pagefactory.DefaultElementLocator.findElement(DefaultElementLocator.java:69)
at org.openqa.selenium.support.pagefactory.internal.LocatingElementHandler.invoke(LocatingElementHandler.java:38)
at com.sun.proxy.$Proxy22.click(Unknown Source)
at com.smarttechqa.Stepdef.LoginStepDefinition.user_clicks_on_the_sign_in_button(LoginStepDefinition.java:35)
at ✽.User Clicks on the sign in button(file:///Users/mridulmac2019/git/repository/Techshop_Project/Features/Login.feature:12)
]]>
    </failure>
  </testcase> <!-- runScenario -->
  <testcase name="runScenario" time="0.007" classname="io.cucumber.testng.AbstractTestNGCucumberTests">
    <failure type="java.lang.NullPointerException">
      <![CDATA[java.lang.NullPointerException
at org.openqa.selenium.support.pagefactory.DefaultElementLocator.findElement(DefaultElementLocator.java:69)
at org.openqa.selenium.support.pagefactory.internal.LocatingElementHandler.invoke(LocatingElementHandler.java:38)
at com.sun.proxy.$Proxy22.click(Unknown Source)
at com.smarttechqa.Stepdef.LoginStepDefinition.user_clicks_on_the_sign_in_button(LoginStepDefinition.java:35)
at ✽.User Clicks on the sign in button(file:///Users/mridulmac2019/git/repository/Techshop_Project/Features/Login.feature:12)
]]>
    </failure>
  </testcase> <!-- runScenario -->
  <testcase name="runScenario" time="0.006" classname="io.cucumber.testng.AbstractTestNGCucumberTests">
    <failure type="java.lang.NullPointerException">
      <![CDATA[java.lang.NullPointerException
at org.openqa.selenium.support.pagefactory.DefaultElementLocator.findElement(DefaultElementLocator.java:69)
at org.openqa.selenium.support.pagefactory.internal.LocatingElementHandler.invoke(LocatingElementHandler.java:38)
at com.sun.proxy.$Proxy22.click(Unknown Source)
at com.smarttechqa.Stepdef.LoginStepDefinition.user_clicks_on_the_sign_in_button(LoginStepDefinition.java:35)
at ✽.User Clicks on the sign in button(file:///Users/mridulmac2019/git/repository/Techshop_Project/Features/Login.feature:12)
]]>
    </failure>
  </testcase> <!-- runScenario -->
  <testcase name="runScenario" time="0.005" classname="io.cucumber.testng.AbstractTestNGCucumberTests">
    <failure type="java.lang.NullPointerException">
      <![CDATA[java.lang.NullPointerException
at com.smarttechqa.Stepdef.NegativeLoginStepDefination.i_click_on_the_sign_in_button_on_the_homepage(NegativeLoginStepDefination.java:25)
at ✽.I click on the sign in button on the homepage(file:///Users/mridulmac2019/git/repository/Techshop_Project/Features/NegativeTestingLogin.feature:7)
]]>
    </failure>
  </testcase> <!-- runScenario -->
  <testcase name="runScenario" time="0.005" classname="io.cucumber.testng.AbstractTestNGCucumberTests">
    <failure type="java.lang.NullPointerException">
      <![CDATA[java.lang.NullPointerException
at com.smarttechqa.Stepdef.NegativeLoginStepDefination.i_click_on_the_sign_in_button_on_the_homepage(NegativeLoginStepDefination.java:25)
at ✽.I click on the sign in button on the homepage(file:///Users/mridulmac2019/git/repository/Techshop_Project/Features/NegativeTestingLogin.feature:7)
]]>
    </failure>
  </testcase> <!-- runScenario -->
  <testcase name="runScenario" time="0.007" classname="io.cucumber.testng.AbstractTestNGCucumberTests">
    <failure type="java.lang.NullPointerException">
      <![CDATA[java.lang.NullPointerException
at com.smarttechqa.Stepdef.NegativeLoginStepDefination.i_click_on_the_sign_in_button_on_the_homepage(NegativeLoginStepDefination.java:25)
at ✽.I click on the sign in button on the homepage(file:///Users/mridulmac2019/git/repository/Techshop_Project/Features/NegativeTestingLogin.feature:7)
]]>
    </failure>
  </testcase> <!-- runScenario -->
  <testcase name="runScenario" time="0.009" classname="io.cucumber.testng.AbstractTestNGCucumberTests">
    <failure type="java.lang.NullPointerException">
      <![CDATA[java.lang.NullPointerException
at com.smarttechqa.Stepdef.NegativeLoginStepDefination.i_click_on_the_sign_in_button_on_the_homepage(NegativeLoginStepDefination.java:25)
at ✽.I click on the sign in button on the homepage(file:///Users/mridulmac2019/git/repository/Techshop_Project/Features/NegativeTestingLogin.feature:7)
]]>
    </failure>
  </testcase> <!-- runScenario -->
</testsuite> <!-- Firefox Test -->
